\BOOKMARK [0][-]{chapter.1}{Einleitung}{}% 1
\BOOKMARK [0][-]{chapter.2}{Analyse Projektauftrag}{}% 2
\BOOKMARK [1][-]{section.2.1}{Ausgangssituation und Kontext}{chapter.2}% 3
\BOOKMARK [2][-]{subsection.2.1.1}{Ist Situation}{section.2.1}% 4
\BOOKMARK [2][-]{subsection.2.1.2}{Problem}{section.2.1}% 5
\BOOKMARK [2][-]{subsection.2.1.3}{Rahmenbedingungen}{section.2.1}% 6
\BOOKMARK [2][-]{subsection.2.1.4}{Interessensvertreter/Stakeholder}{section.2.1}% 7
\BOOKMARK [1][-]{section.2.2}{Projektziele}{chapter.2}% 8
\BOOKMARK [2][-]{subsection.2.2.1}{Systemziele}{section.2.2}% 9
\BOOKMARK [2][-]{subsection.2.2.2}{Abwicklungsziele}{section.2.2}% 10
\BOOKMARK [2][-]{subsection.2.2.3}{Abgrenzung}{section.2.2}% 11
\BOOKMARK [1][-]{section.2.3}{Risiken und Chancen}{chapter.2}% 12
\BOOKMARK [2][-]{subsection.2.3.1}{Risiken}{section.2.3}% 13
\BOOKMARK [2][-]{subsection.2.3.2}{Chancen}{section.2.3}% 14
\BOOKMARK [2][-]{subsection.2.3.3}{Kritische Erfolgsfaktoren}{section.2.3}% 15
\BOOKMARK [1][-]{section.2.4}{Grobplanung}{chapter.2}% 16
\BOOKMARK [2][-]{subsection.2.4.1}{Zeitliche Abgrenzung}{section.2.4}% 17
\BOOKMARK [2][-]{subsection.2.4.2}{Meilensteine}{section.2.4}% 18
\BOOKMARK [2][-]{subsection.2.4.3}{Diskrepanz Beginn Projekt}{section.2.4}% 19
\BOOKMARK [1][-]{section.2.5}{Ressourcen/Kosten}{chapter.2}% 20
\BOOKMARK [2][-]{subsection.2.5.1}{Personelle Ressourcen}{section.2.5}% 21
\BOOKMARK [2][-]{subsection.2.5.2}{Kosten}{section.2.5}% 22
\BOOKMARK [1][-]{section.2.6}{Projektorganisation}{chapter.2}% 23
\BOOKMARK [1][-]{section.2.7}{Machbarkeit}{chapter.2}% 24
\BOOKMARK [0][-]{chapter.3}{Teamgrundlagen}{}% 25
\BOOKMARK [1][-]{section.3.1}{Teamvertrag}{chapter.3}% 26
\BOOKMARK [1][-]{section.3.2}{Teamrollen}{chapter.3}% 27
\BOOKMARK [1][-]{section.3.3}{Teameffizienz}{chapter.3}% 28
\BOOKMARK [0][-]{chapter.4}{Kl\344rung der Aufgabenstellung}{}% 29
\BOOKMARK [0][-]{chapter.5}{Vorgehen}{}% 30
\BOOKMARK [0][-]{chapter.6}{Interview}{}% 31
\BOOKMARK [1][-]{section.6.1}{Interviewleitfaden}{chapter.6}% 32
\BOOKMARK [1][-]{section.6.2}{Technische Hilfsmittel}{chapter.6}% 33
\BOOKMARK [1][-]{section.6.3}{Interviewpartner Auswahl}{chapter.6}% 34
\BOOKMARK [1][-]{section.6.4}{Auswertung der Interviews}{chapter.6}% 35
\BOOKMARK [0][-]{chapter.7}{Assessment}{}% 36
\BOOKMARK [1][-]{section.7.1}{Auswahl der wichtigsten Kernkompetenzen}{chapter.7}% 37
\BOOKMARK [1][-]{section.7.2}{\334bung 1: Logisches und analytisches Denken, Lernbereitschaft und Lernf\344higkeit}{chapter.7}% 38
\BOOKMARK [2][-]{subsection.7.2.1}{Idee}{section.7.2}% 39
\BOOKMARK [2][-]{subsection.7.2.2}{Detailbeschreibung}{section.7.2}% 40
\BOOKMARK [2][-]{subsection.7.2.3}{Bewertung}{section.7.2}% 41
\BOOKMARK [1][-]{section.7.3}{\334bung 2: Selbstmanagement und Selbstorganisation}{chapter.7}% 42
\BOOKMARK [2][-]{subsection.7.3.1}{Idee/ Grobbeschreibung}{section.7.3}% 43
\BOOKMARK [2][-]{subsection.7.3.2}{Detailbeschreibung}{section.7.3}% 44
\BOOKMARK [2][-]{subsection.7.3.3}{Am Anfang dem Bewerber mitzuteilende Informationen}{section.7.3}% 45
\BOOKMARK [2][-]{subsection.7.3.4}{Bewertung}{section.7.3}% 46
\BOOKMARK [1][-]{section.7.4}{Ablauf des Assessments}{chapter.7}% 47
\BOOKMARK [2][-]{subsection.7.4.1}{Videoaufnahme}{section.7.4}% 48
\BOOKMARK [2][-]{subsection.7.4.2}{Zeitverh\344ltnisse}{section.7.4}% 49
\BOOKMARK [0][-]{chapter.8}{Bewertung Probanden}{}% 50
\BOOKMARK [1][-]{section.8.1}{Einleitung}{chapter.8}% 51
\BOOKMARK [1][-]{section.8.2}{Tomo Bogdanovic}{chapter.8}% 52
\BOOKMARK [2][-]{subsection.8.2.1}{Resultate \334bung 1: Analytisches und systematisches Denken, Lernbereitschaft und Lernf\344higkeit}{section.8.2}% 53
\BOOKMARK [2][-]{subsection.8.2.2}{\334bung 2: Selbstmanagement und Selbstorganisation}{section.8.2}% 54
\BOOKMARK [1][-]{section.8.3}{Michel Andr\351 Nyffenegger}{chapter.8}% 55
\BOOKMARK [2][-]{subsection.8.3.1}{Resultate \334bung 1: Analytisches und systematisches Denken, Lernbereitschaft und Lernf\344higkeit}{section.8.3}% 56
\BOOKMARK [2][-]{subsection.8.3.2}{\334bung 2: Selbstmanagement und Selbstorganisation}{section.8.3}% 57
\BOOKMARK [1][-]{section.8.4}{Matthias Schneider}{chapter.8}% 58
\BOOKMARK [2][-]{subsection.8.4.1}{Resultate \334bung 1:Analytisches und systematisches Denken, Lernbereitschaft und Lernf\344higkeit}{section.8.4}% 59
\BOOKMARK [2][-]{subsection.8.4.2}{\334bung 2: Selbstmanagement und Selbstorganisation}{section.8.4}% 60
\BOOKMARK [0][-]{chapter.9}{Auswertung des Assessments}{}% 61
\BOOKMARK [1][-]{section.9.1}{Auswertung \334bung 1}{chapter.9}% 62
\BOOKMARK [2][-]{subsection.9.1.1}{Erreichte Punkte}{section.9.1}% 63
\BOOKMARK [2][-]{subsection.9.1.2}{Vergleiche unter den Testkandidaten}{section.9.1}% 64
\BOOKMARK [1][-]{section.9.2}{Auswertung \334bung 2}{chapter.9}% 65
\BOOKMARK [2][-]{subsection.9.2.1}{Tiefe erreichte Punktewerte}{section.9.2}% 66
\BOOKMARK [2][-]{subsection.9.2.2}{Punkteverteilung f\374r Kernkompetenzen}{section.9.2}% 67
\BOOKMARK [1][-]{section.9.3}{Assessment allgemein}{chapter.9}% 68
\BOOKMARK [2][-]{subsection.9.3.1}{Schwergewichtsbildung Kernkompetenzen}{section.9.3}% 69
\BOOKMARK [0][-]{chapter.10}{Reflexion}{}% 70
\BOOKMARK [1][-]{section.10.1}{Lesson learned}{chapter.10}% 71
\BOOKMARK [1][-]{section.10.2}{Verbesserungspotenzial}{chapter.10}% 72
\BOOKMARK [0][-]{chapter.11}{Schlussfolgerungen und Empfehlungen}{}% 73
\BOOKMARK [1][-]{section.11.1}{Aufwand und Kosten}{chapter.11}% 74
